INFO:root:[360, 470, 200, 200, -160, -270, -400, -400, 3]
INFO:root:[360, 470, 190, 200, -170, -270, -410, -400, 3]
INFO:root:[360, 470, 180, 200, -180, -270, -420, -400, 3]
INFO:root:[360, 470, 170, 200, -190, -270, -430, -400, 3]
INFO:root:[360, 470, 160, 200, -200, -270, -440, -400, 3]
INFO:root:[360, 470, 150, 200, -210, -270, -450, -400, 3]
INFO:root:[360, 470, 140, 200, -220, -270, -460, -400, 3]
INFO:root:[360, 470, 130, 200, -230, -270, -470, -400, 3]
INFO:root:[360, 470, 120, 200, -240, -270, -480, -400, 3]
INFO:root:[360, 470, 110, 200, -250, -270, -490, -400, 3]
INFO:root:[360, 470, 100, 200, -260, -270, -500, -400, 3]
INFO:root:[360, 470, 100, 200, -260, -270, -500, -400, 2]
INFO:root:[360, 470, 100, 210, -260, -260, -500, -390, 2]
INFO:root:[360, 470, 100, 220, -260, -250, -500, -380, 2]
INFO:root:[360, 470, 100, 230, -260, -240, -500, -370, 2]
INFO:root:[360, 470, 100, 240, -260, -230, -500, -360, 2]
INFO:root:[360, 470, 100, 250, -260, -220, -500, -350, 2]
INFO:root:[360, 470, 100, 260, -260, -210, -500, -340, 2]
INFO:root:[360, 470, 100, 270, -260, -200, -500, -330, 2]
INFO:root:[360, 470, 100, 270, -260, -200, -500, -330, 1]
INFO:root:[360, 470, 110, 270, -250, -200, -490, -330, 1]
INFO:root:[360, 470, 120, 270, -240, -200, -480, -330, 1]
INFO:root:[360, 470, 130, 270, -230, -200, -470, -330, 1]
INFO:root:[360, 470, 140, 270, -220, -200, -460, -330, 1]
INFO:root:[360, 470, 150, 270, -210, -200, -450, -330, 1]
INFO:root:[360, 470, 160, 270, -200, -200, -440, -330, 1]
INFO:root:[360, 470, 170, 270, -190, -200, -430, -330, 1]
INFO:root:[360, 470, 180, 270, -180, -200, -420, -330, 1]
INFO:root:[360, 470, 190, 270, -170, -200, -410, -330, 1]
INFO:root:[360, 470, 200, 270, -160, -200, -400, -330, 1]
INFO:root:[360, 470, 210, 270, -150, -200, -390, -330, 1]
INFO:root:[360, 470, 220, 270, -140, -200, -380, -330, 1]
INFO:root:[360, 470, 230, 270, -130, -200, -370, -330, 1]
INFO:root:[360, 470, 240, 270, -120, -200, -360, -330, 1]
INFO:root:[360, 470, 250, 270, -110, -200, -350, -330, 1]
INFO:root:[360, 470, 260, 270, -100, -200, -340, -330, 1]
INFO:root:[360, 470, 270, 270, -90, -200, -330, -330, 1]
INFO:root:[360, 470, 280, 270, -80, -200, -320, -330, 1]
INFO:root:[360, 470, 290, 270, -70, -200, -310, -330, 1]
INFO:root:[360, 470, 300, 270, -60, -200, -300, -330, 1]
INFO:root:[360, 470, 310, 270, -50, -200, -290, -330, 1]
INFO:root:[360, 470, 320, 270, -40, -200, -280, -330, 1]
INFO:root:[360, 470, 330, 270, -30, -200, -270, -330, 1]
INFO:root:[360, 470, 340, 270, -20, -200, -260, -330, 1]
INFO:root:[360, 470, 350, 270, -10, -200, -250, -330, 1]
INFO:root:[360, 470, 360, 270, 0, -200, -240, -330, 1]
INFO:root:[360, 470, 370, 270, 10, -200, -230, -330, 1]
INFO:root:[360, 470, 380, 270, 20, -200, -220, -330, 1]
INFO:root:[360, 470, 390, 270, 30, -200, -210, -330, 1]
INFO:root:[360, 470, 400, 270, 40, -200, -200, -330, 1]
INFO:root:[360, 470, 410, 270, 50, -200, -190, -330, 1]
INFO:root:[360, 470, 420, 270, 60, -200, -180, -330, 1]
INFO:root:[360, 470, 430, 270, 70, -200, -170, -330, 1]
INFO:root:[360, 470, 440, 270, 80, -200, -160, -330, 1]
INFO:root:[360, 470, 450, 270, 90, -200, -150, -330, 1]
INFO:root:[360, 470, 460, 270, 100, -200, -140, -330, 1]
INFO:root:[360, 470, 470, 270, 110, -200, -130, -330, 1]
INFO:root:[360, 470, 480, 270, 120, -200, -120, -330, 1]
INFO:root:[360, 470, 490, 270, 130, -200, -110, -330, 1]
INFO:root:[360, 470, 500, 270, 140, -200, -100, -330, 1]
INFO:root:[360, 470, 510, 270, 150, -200, -90, -330, 1]
INFO:root:[360, 470, 520, 270, 160, -200, -80, -330, 1]
INFO:root:[360, 470, 530, 270, 170, -200, -70, -330, 1]
INFO:root:[360, 470, 540, 270, 180, -200, -60, -330, 1]
INFO:root:[360, 470, 550, 270, 190, -200, -50, -330, 1]
INFO:root:[360, 470, 560, 270, 200, -200, -40, -330, 1]
INFO:root:[360, 470, 570, 270, 210, -200, -30, -330, 1]
INFO:root:[360, 470, 580, 270, 220, -200, -20, -330, 1]
INFO:root:[360, 470, 590, 270, 230, -200, -10, -330, 1]
INFO:root:[360, 470, 600, 270, 240, -200, 0, -330, 1]
INFO:root:[360, 470, 610, 270, 250, -200, 10, -330, 1]
INFO:root:[40, 290, 200, 200, 160, -90, -400, -400, 3]
INFO:root:[40, 290, 190, 200, 150, -90, -410, -400, 3]
INFO:root:[40, 290, 180, 200, 140, -90, -420, -400, 3]
INFO:root:[40, 290, 170, 200, 130, -90, -430, -400, 3]
INFO:root:[40, 290, 160, 200, 120, -90, -440, -400, 3]
INFO:root:[40, 290, 150, 200, 110, -90, -450, -400, 3]
INFO:root:[40, 290, 140, 200, 100, -90, -460, -400, 3]
INFO:root:[40, 290, 130, 200, 90, -90, -470, -400, 3]
INFO:root:[40, 290, 130, 200, 90, -90, -470, -400, 2]
INFO:root:[40, 290, 130, 210, 90, -80, -470, -390, 2]
INFO:root:[40, 290, 130, 220, 90, -70, -470, -380, 2]
INFO:root:[40, 290, 130, 230, 90, -60, -470, -370, 2]
INFO:root:[40, 290, 130, 230, 90, -60, -470, -370, 3]
INFO:root:[40, 290, 120, 230, 80, -60, -480, -370, 3]
INFO:root:[40, 290, 110, 230, 70, -60, -490, -370, 3]
INFO:root:[40, 290, 100, 230, 60, -60, -500, -370, 3]
INFO:root:[40, 290, 90, 230, 50, -60, -510, -370, 3]
INFO:root:[40, 290, 80, 230, 40, -60, -520, -370, 3]
INFO:root:[40, 290, 70, 230, 30, -60, -530, -370, 3]
INFO:root:[40, 290, 60, 230, 20, -60, -540, -370, 3]
INFO:root:[40, 290, 50, 230, 10, -60, -550, -370, 3]
INFO:root:[40, 290, 40, 230, 0, -60, -560, -370, 3]
INFO:root:[40, 290, 30, 230, -10, -60, -570, -370, 3]
INFO:root:[40, 290, 20, 230, -20, -60, -580, -370, 3]
INFO:root:[40, 290, 10, 230, -30, -60, -590, -370, 3]
INFO:root:[40, 290, 0, 230, -40, -60, -600, -370, 3]
INFO:root:[40, 290, -10, 230, -50, -60, -610, -370, 3]
INFO:root:[490, 490, 200, 200, -290, -290, -400, -400, 3]
INFO:root:[490, 490, 190, 200, -300, -290, -410, -400, 3]
INFO:root:[490, 490, 180, 200, -310, -290, -420, -400, 3]
INFO:root:[490, 490, 170, 200, -320, -290, -430, -400, 3]
INFO:root:[490, 490, 160, 200, -330, -290, -440, -400, 3]
INFO:root:[490, 490, 150, 200, -340, -290, -450, -400, 3]
INFO:root:[490, 490, 140, 200, -350, -290, -460, -400, 3]
INFO:root:[490, 490, 130, 200, -360, -290, -470, -400, 3]
INFO:root:[490, 490, 130, 200, -360, -290, -470, -400, 2]
INFO:root:[490, 490, 130, 210, -360, -280, -470, -390, 2]
INFO:root:[490, 490, 130, 220, -360, -270, -470, -380, 2]
INFO:root:[490, 490, 130, 230, -360, -260, -470, -370, 2]
INFO:root:[490, 490, 130, 240, -360, -250, -470, -360, 2]
INFO:root:[490, 490, 130, 240, -360, -250, -470, -360, 1]
INFO:root:[490, 490, 140, 240, -350, -250, -460, -360, 1]
INFO:root:[490, 490, 150, 240, -340, -250, -450, -360, 1]
INFO:root:[490, 490, 160, 240, -330, -250, -440, -360, 1]
INFO:root:[490, 490, 160, 240, -330, -250, -440, -360, 0]
INFO:root:[490, 490, 160, 230, -330, -260, -440, -370, 0]
INFO:root:[490, 490, 160, 220, -330, -270, -440, -380, 0]
INFO:root:[490, 490, 160, 210, -330, -280, -440, -390, 0]
INFO:root:[490, 490, 160, 200, -330, -290, -440, -400, 0]
INFO:root:[490, 490, 160, 190, -330, -300, -440, -410, 0]
INFO:root:[490, 490, 160, 180, -330, -310, -440, -420, 0]
INFO:root:[490, 490, 160, 170, -330, -320, -440, -430, 0]
INFO:root:[490, 490, 160, 160, -330, -330, -440, -440, 0]
INFO:root:[490, 490, 160, 150, -330, -340, -440, -450, 0]
INFO:root:[490, 490, 160, 140, -330, -350, -440, -460, 0]
INFO:root:[490, 490, 160, 130, -330, -360, -440, -470, 0]
INFO:root:[490, 490, 160, 120, -330, -370, -440, -480, 0]
INFO:root:[490, 490, 160, 110, -330, -380, -440, -490, 0]
INFO:root:[490, 490, 160, 100, -330, -390, -440, -500, 0]
INFO:root:[490, 490, 160, 90, -330, -400, -440, -510, 0]
INFO:root:[490, 490, 160, 80, -330, -410, -440, -520, 0]
INFO:root:[490, 490, 160, 70, -330, -420, -440, -530, 0]
INFO:root:[490, 490, 160, 60, -330, -430, -440, -540, 0]
INFO:root:[490, 490, 160, 50, -330, -440, -440, -550, 0]
INFO:root:[490, 490, 160, 40, -330, -450, -440, -560, 0]
INFO:root:[490, 490, 160, 30, -330, -460, -440, -570, 0]
INFO:root:[490, 490, 160, 20, -330, -470, -440, -580, 0]
INFO:root:[490, 490, 160, 10, -330, -480, -440, -590, 0]
INFO:root:[490, 490, 160, 0, -330, -490, -440, -600, 0]
INFO:root:[490, 490, 160, -10, -330, -500, -440, -610, 0]
